<?xml version="1.0" encoding="UTF-8"?>
<testng-results ignored="0" total="2" passed="2" failed="0" skipped="0">
  <reporter-output>
  </reporter-output>
  <suite started-at="2023-10-18T10:09:34 EDT" name="Suite" finished-at="2023-10-18T10:09:53 EDT" duration-ms="18889">
    <groups>
    </groups>
    <test started-at="2023-10-18T10:09:34 EDT" name="Test1" finished-at="2023-10-18T10:09:53 EDT" duration-ms="18889">
      <class name="automation_test.LoginTest">
        <test-method is-config="true" signature="addThread()[pri:0, instance:automation_test.LoginTest@12ed9db6]" started-at="2023-10-18T10:09:34 EDT" name="addThread" finished-at="2023-10-18T10:09:34 EDT" duration-ms="38" status="PASS">
          <reporter-output>
          </reporter-output>
        </test-method> <!-- addThread -->
        <test-method is-config="true" signature="openBrowser(java.lang.String,java.lang.reflect.Method)[pri:0, instance:automation_test.LoginTest@12ed9db6]" started-at="2023-10-18T10:09:34 EDT" name="openBrowser" finished-at="2023-10-18T10:09:42 EDT" duration-ms="7684" status="PASS">
          <params>
            <param index="0">
              <value>
                <![CDATA[chrome]]>
              </value>
            </param>
            <param index="1">
              <value>
                <![CDATA[public void automation_test.LoginTest.validloginTest() throws java.lang.InterruptedException]]>
              </value>
            </param>
          </params>
          <reporter-output>
          </reporter-output>
        </test-method> <!-- openBrowser -->
        <test-method signature="validloginTest()[pri:1, instance:automation_test.LoginTest@12ed9db6]" started-at="2023-10-18T10:09:42 EDT" name="validloginTest" finished-at="2023-10-18T10:09:48 EDT" duration-ms="5645" status="PASS">
          <reporter-output>
          </reporter-output>
        </test-method> <!-- validloginTest -->
        <test-method is-config="true" signature="closeBrowser()[pri:0, instance:automation_test.LoginTest@12ed9db6]" started-at="2023-10-18T10:09:48 EDT" name="closeBrowser" finished-at="2023-10-18T10:09:48 EDT" duration-ms="410" status="PASS">
          <reporter-output>
          </reporter-output>
        </test-method> <!-- closeBrowser -->
        <test-method is-config="true" signature="openBrowser(java.lang.String,java.lang.reflect.Method)[pri:0, instance:automation_test.LoginTest@12ed9db6]" started-at="2023-10-18T10:09:48 EDT" name="openBrowser" finished-at="2023-10-18T10:09:51 EDT" duration-ms="2871" status="PASS">
          <params>
            <param index="0">
              <value>
                <![CDATA[chrome]]>
              </value>
            </param>
            <param index="1">
              <value>
                <![CDATA[public void automation_test.LoginTest.invalidloginTest() throws java.lang.InterruptedException]]>
              </value>
            </param>
          </params>
          <reporter-output>
          </reporter-output>
        </test-method> <!-- openBrowser -->
        <test-method signature="invalidloginTest()[pri:2, instance:automation_test.LoginTest@12ed9db6]" started-at="2023-10-18T10:09:51 EDT" name="invalidloginTest" finished-at="2023-10-18T10:09:53 EDT" duration-ms="1721" status="PASS">
          <reporter-output>
          </reporter-output>
        </test-method> <!-- invalidloginTest -->
        <test-method is-config="true" signature="closeBrowser()[pri:0, instance:automation_test.LoginTest@12ed9db6]" started-at="2023-10-18T10:09:53 EDT" name="closeBrowser" finished-at="2023-10-18T10:09:53 EDT" duration-ms="381" status="PASS">
          <reporter-output>
          </reporter-output>
        </test-method> <!-- closeBrowser -->
      </class> <!-- automation_test.LoginTest -->
    </test> <!-- Test1 -->
  </suite> <!-- Suite -->
</testng-results>
